<?xml version="1.0" encoding="UTF-8"?>
<!-- Generated by org.testng.reporters.JUnitXMLReporter -->
<testsuite ignored="0" hostname="DESKTOP-FLDGMC7" failures="0" tests="9" name="Default test" time="108.775" errors="0" timestamp="2022-04-01T13:11:14 IST">
  <testcase classname="Maven.Testng_Automation.Demo_Site" name="Launch" time="25.327"/>
  <testcase classname="Maven.Testng_Automation.Demo_Site" name="login" time="16.196"/>
  <testcase classname="Maven.Testng_Automation.Demo_Site" name="searchbardd" time="3.988"/>
  <testcase classname="Maven.Testng_Automation.Demo_Site" name="hme" time="17.507"/>
  <testcase classname="Maven.Testng_Automation.Demo_Site" name="searchbrbtn" time="8.658"/>
  <testcase classname="Maven.Testng_Automation.Demo_Site" name="highnone" time="3.677"/>
  <testcase classname="Maven.Testng_Automation.Demo_Site" name="highfst" time="4.911"/>
  <testcase classname="Maven.Testng_Automation.Demo_Site" name="addtocart" time="4.987"/>
  <testcase classname="Maven.Testng_Automation.Demo_Site" name="wologin" time="22.857"/>
</testsuite> <!-- Default test -->
