<?xml version="1.0" encoding="UTF-8"?>
<testng-results ignored="0" total="9" passed="9" failed="0" skipped="0">
  <reporter-output>
  </reporter-output>
  <suite started-at="2022-04-01T13:09:25 IST" name="Default suite" finished-at="2022-04-01T13:11:14 IST" duration-ms="108775">
    <groups>
    </groups>
    <test started-at="2022-04-01T13:09:25 IST" name="Default test" finished-at="2022-04-01T13:11:14 IST" duration-ms="108775">
      <class name="Maven.Testng_Automation.Demo_Site">
        <test-method signature="Launch()[pri:0, instance:Maven.Testng_Automation.Demo_Site@399f45b1]" started-at="2022-04-01T13:09:26 IST" name="Launch" finished-at="2022-04-01T13:09:51 IST" duration-ms="25327" status="PASS">
          <reporter-output>
          </reporter-output>
        </test-method> <!-- Launch -->
        <test-method signature="login()[pri:1, instance:Maven.Testng_Automation.Demo_Site@399f45b1]" started-at="2022-04-01T13:09:51 IST" name="login" finished-at="2022-04-01T13:10:07 IST" duration-ms="16196" status="PASS">
          <reporter-output>
          </reporter-output>
        </test-method> <!-- login -->
        <test-method signature="searchbardd()[pri:2, instance:Maven.Testng_Automation.Demo_Site@399f45b1]" started-at="2022-04-01T13:10:07 IST" name="searchbardd" finished-at="2022-04-01T13:10:11 IST" duration-ms="3988" status="PASS">
          <reporter-output>
          </reporter-output>
        </test-method> <!-- searchbardd -->
        <test-method signature="hme()[pri:3, instance:Maven.Testng_Automation.Demo_Site@399f45b1]" started-at="2022-04-01T13:10:11 IST" name="hme" finished-at="2022-04-01T13:10:29 IST" duration-ms="17507" status="PASS">
          <reporter-output>
          </reporter-output>
        </test-method> <!-- hme -->
        <test-method signature="searchbrbtn()[pri:4, instance:Maven.Testng_Automation.Demo_Site@399f45b1]" started-at="2022-04-01T13:10:29 IST" name="searchbrbtn" finished-at="2022-04-01T13:10:38 IST" duration-ms="8658" status="PASS">
          <reporter-output>
          </reporter-output>
        </test-method> <!-- searchbrbtn -->
        <test-method signature="highnone()[pri:5, instance:Maven.Testng_Automation.Demo_Site@399f45b1]" started-at="2022-04-01T13:10:38 IST" name="highnone" finished-at="2022-04-01T13:10:41 IST" duration-ms="3677" status="PASS">
          <reporter-output>
          </reporter-output>
        </test-method> <!-- highnone -->
        <test-method signature="highfst()[pri:6, instance:Maven.Testng_Automation.Demo_Site@399f45b1]" started-at="2022-04-01T13:10:41 IST" name="highfst" finished-at="2022-04-01T13:10:46 IST" duration-ms="4911" status="PASS">
          <reporter-output>
          </reporter-output>
        </test-method> <!-- highfst -->
        <test-method signature="addtocart()[pri:7, instance:Maven.Testng_Automation.Demo_Site@399f45b1]" started-at="2022-04-01T13:10:46 IST" name="addtocart" finished-at="2022-04-01T13:10:51 IST" duration-ms="4987" status="PASS">
          <reporter-output>
          </reporter-output>
        </test-method> <!-- addtocart -->
        <test-method signature="wologin()[pri:8, instance:Maven.Testng_Automation.Demo_Site@399f45b1]" started-at="2022-04-01T13:10:51 IST" name="wologin" finished-at="2022-04-01T13:11:14 IST" duration-ms="22857" status="PASS">
          <reporter-output>
          </reporter-output>
        </test-method> <!-- wologin -->
      </class> <!-- Maven.Testng_Automation.Demo_Site -->
    </test> <!-- Default test -->
  </suite> <!-- Default suite -->
</testng-results>
